<?xml version="1.0" encoding="UTF-8"?>
<testsuite name="TesteCliente" tests="1" skipped="0" failures="0" errors="0" timestamp="2021-04-24T19:50:04" hostname="DESKTOP-8GL0RGV" time="2.164">
  <properties/>
  <testcase name="Quando deletar um cliente, entÃ£o ele deve ser removido com sucesso." classname="TesteCliente" time="2.164"/>
  <system-out><![CDATA[]]></system-out>
  <system-err><![CDATA[]]></system-err>
</testsuite>
